05/05/2014 17:01:26 (Std) 	+-+-+-+-+-+-+-+-+-+-+-+-+-+-+-+-+-+-+-+-+-+-+-+-+-+-+-+-+-+-+-+-+-+-+-+-+-+-+-+
05/05/2014 17:01:26 (Std) 	+                     Crazy Eddie's GUI System - Event log                    +
05/05/2014 17:01:26 (Std) 	+                          (http://www.cegui.org.uk/)                         +
05/05/2014 17:01:26 (Std) 	+-+-+-+-+-+-+-+-+-+-+-+-+-+-+-+-+-+-+-+-+-+-+-+-+-+-+-+-+-+-+-+-+-+-+-+-+-+-+-+

05/05/2014 17:01:26 (Std) 	CEGUI::Logger singleton created. (0x1fc0830)
05/05/2014 17:01:26 (Std) 	
05/05/2014 17:01:26 (Std) 	********************************************************************************
05/05/2014 17:01:26 (Std) 	* Important:                                                                   *
05/05/2014 17:01:26 (Std) 	*     To get support at the CEGUI forums, you must post _at least_ the section *
05/05/2014 17:01:26 (Std) 	*     of this log file indicated below.  Failure to do this will result in no  *
05/05/2014 17:01:26 (Std) 	*     support being given; please do not waste our time.                       *
05/05/2014 17:01:26 (Std) 	********************************************************************************
05/05/2014 17:01:26 (Std) 	********************************************************************************
05/05/2014 17:01:26 (Std) 	* -------- START OF ESSENTIAL SECTION TO BE POSTED ON THE FORUM       -------- *
05/05/2014 17:01:26 (Std) 	********************************************************************************
05/05/2014 17:01:26 (Std) 	---- Version 0.7.6 (Build: Feb 25 2013 GNU/Linux g++ 4.6.3 64 bit) ----
05/05/2014 17:01:26 (Std) 	---- Renderer module is: CEGUI::OgreRenderer - Official OGRE based 2nd generation renderer module. ----
05/05/2014 17:01:26 (Std) 	---- XML Parser module is: CEGUI::XercesParser - Official Xerces-C++ based parser module for CEGUI ----
05/05/2014 17:01:26 (Std) 	---- Image Codec module is: OgreImageCodec - Integrated ImageCodec using the Ogre engine. ----
05/05/2014 17:01:26 (Std) 	---- Scripting module is: None ----
05/05/2014 17:01:26 (Std) 	********************************************************************************
05/05/2014 17:01:26 (Std) 	* -------- END OF ESSENTIAL SECTION TO BE POSTED ON THE FORUM         -------- *
05/05/2014 17:01:26 (Std) 	********************************************************************************
05/05/2014 17:01:26 (Std) 	
05/05/2014 17:01:26 (Std) 	---- Begining CEGUI System initialisation ----
05/05/2014 17:01:26 (Std) 	CEGUI::ImagesetManager singleton created (0x1f85280)
05/05/2014 17:01:26 (Std) 	CEGUI::FontManager singleton created. (0x1fbd990)
05/05/2014 17:01:26 (Std) 	CEGUI::WindowFactoryManager singleton created
05/05/2014 17:01:26 (Std) 	CEGUI::WindowManager singleton created (0x1f07290)
05/05/2014 17:01:26 (Std) 	CEGUI::SchemeManager singleton created. (0x1f833e0)
05/05/2014 17:01:26 (Std) 	CEGUI::MouseCursor singleton created. (0x1f3cea0)
05/05/2014 17:01:26 (Std) 	CEGUI::GlobalEventSet singleton created. (0x1eb66d0)
05/05/2014 17:01:26 (Std) 	CEGUI::AnimationManager singleton created (0x1f23730)
05/05/2014 17:01:26 (Std) 	CEGUI::WidgetLookManager singleton created. (0x1c46cd0)
05/05/2014 17:01:26 (Std) 	CEGUI::WindowRendererManager singleton created (0x1c46c50)
05/05/2014 17:01:26 (Std) 	CEGUI::RenderEffectManager singleton created (0x1f38c40)
05/05/2014 17:01:26 (Std) 	Created WindowFactory for 'DefaultWindow' windows.
05/05/2014 17:01:26 (Std) 	WindowFactory for 'DefaultWindow' windows added. (0x1f6baf0)
05/05/2014 17:01:26 (Std) 	Created WindowFactory for 'DragContainer' windows.
05/05/2014 17:01:26 (Std) 	WindowFactory for 'DragContainer' windows added. (0x1fcc330)
05/05/2014 17:01:26 (Std) 	Created WindowFactory for 'ScrolledContainer' windows.
05/05/2014 17:01:26 (Std) 	WindowFactory for 'ScrolledContainer' windows added. (0x1c42e40)
05/05/2014 17:01:26 (Std) 	Created WindowFactory for 'ClippedContainer' windows.
05/05/2014 17:01:26 (Std) 	WindowFactory for 'ClippedContainer' windows added. (0x1fc14d0)
05/05/2014 17:01:26 (Std) 	Created WindowFactory for 'CEGUI/Checkbox' windows.
05/05/2014 17:01:26 (Std) 	WindowFactory for 'CEGUI/Checkbox' windows added. (0x1fbb030)
05/05/2014 17:01:26 (Std) 	Created WindowFactory for 'CEGUI/PushButton' windows.
05/05/2014 17:01:26 (Std) 	WindowFactory for 'CEGUI/PushButton' windows added. (0x1f8d2b0)
05/05/2014 17:01:26 (Std) 	Created WindowFactory for 'CEGUI/RadioButton' windows.
05/05/2014 17:01:26 (Std) 	WindowFactory for 'CEGUI/RadioButton' windows added. (0x1f48860)
05/05/2014 17:01:26 (Std) 	Created WindowFactory for 'CEGUI/Combobox' windows.
05/05/2014 17:01:26 (Std) 	WindowFactory for 'CEGUI/Combobox' windows added. (0x1fcfd60)
05/05/2014 17:01:26 (Std) 	Created WindowFactory for 'CEGUI/ComboDropList' windows.
05/05/2014 17:01:26 (Std) 	WindowFactory for 'CEGUI/ComboDropList' windows added. (0x1f2d820)
05/05/2014 17:01:26 (Std) 	Created WindowFactory for 'CEGUI/Editbox' windows.
05/05/2014 17:01:26 (Std) 	WindowFactory for 'CEGUI/Editbox' windows added. (0x1f58dc0)
05/05/2014 17:01:26 (Std) 	Created WindowFactory for 'CEGUI/FrameWindow' windows.
05/05/2014 17:01:26 (Std) 	WindowFactory for 'CEGUI/FrameWindow' windows added. (0x1ed1890)
05/05/2014 17:01:26 (Std) 	Created WindowFactory for 'CEGUI/ItemEntry' windows.
05/05/2014 17:01:26 (Std) 	WindowFactory for 'CEGUI/ItemEntry' windows added. (0x1fc1160)
05/05/2014 17:01:26 (Std) 	Created WindowFactory for 'CEGUI/Listbox' windows.
05/05/2014 17:01:26 (Std) 	WindowFactory for 'CEGUI/Listbox' windows added. (0x1fcf630)
05/05/2014 17:01:26 (Std) 	Created WindowFactory for 'CEGUI/ListHeader' windows.
05/05/2014 17:01:26 (Std) 	WindowFactory for 'CEGUI/ListHeader' windows added. (0x1f855c0)
05/05/2014 17:01:26 (Std) 	Created WindowFactory for 'CEGUI/ListHeaderSegment' windows.
05/05/2014 17:01:26 (Std) 	WindowFactory for 'CEGUI/ListHeaderSegment' windows added. (0x1fd9b50)
05/05/2014 17:01:26 (Std) 	Created WindowFactory for 'CEGUI/Menubar' windows.
05/05/2014 17:01:26 (Std) 	WindowFactory for 'CEGUI/Menubar' windows added. (0x1fc7d90)
05/05/2014 17:01:26 (Std) 	Created WindowFactory for 'CEGUI/PopupMenu' windows.
05/05/2014 17:01:26 (Std) 	WindowFactory for 'CEGUI/PopupMenu' windows added. (0x1fda670)
05/05/2014 17:01:26 (Std) 	Created WindowFactory for 'CEGUI/MenuItem' windows.
05/05/2014 17:01:26 (Std) 	WindowFactory for 'CEGUI/MenuItem' windows added. (0x1f63730)
05/05/2014 17:01:26 (Std) 	Created WindowFactory for 'CEGUI/MultiColumnList' windows.
05/05/2014 17:01:26 (Std) 	WindowFactory for 'CEGUI/MultiColumnList' windows added. (0x1f07d50)
05/05/2014 17:01:26 (Std) 	Created WindowFactory for 'CEGUI/MultiLineEditbox' windows.
05/05/2014 17:01:26 (Std) 	WindowFactory for 'CEGUI/MultiLineEditbox' windows added. (0x1fc2fb0)
05/05/2014 17:01:26 (Std) 	Created WindowFactory for 'CEGUI/ProgressBar' windows.
05/05/2014 17:01:26 (Std) 	WindowFactory for 'CEGUI/ProgressBar' windows added. (0x1f70030)
05/05/2014 17:01:26 (Std) 	Created WindowFactory for 'CEGUI/ScrollablePane' windows.
05/05/2014 17:01:26 (Std) 	WindowFactory for 'CEGUI/ScrollablePane' windows added. (0x1f2ab30)
05/05/2014 17:01:26 (Std) 	Created WindowFactory for 'CEGUI/Scrollbar' windows.
05/05/2014 17:01:26 (Std) 	WindowFactory for 'CEGUI/Scrollbar' windows added. (0x1fd6d10)
05/05/2014 17:01:26 (Std) 	Created WindowFactory for 'CEGUI/Slider' windows.
05/05/2014 17:01:26 (Std) 	WindowFactory for 'CEGUI/Slider' windows added. (0x1fc0560)
05/05/2014 17:01:26 (Std) 	Created WindowFactory for 'CEGUI/Spinner' windows.
05/05/2014 17:01:26 (Std) 	WindowFactory for 'CEGUI/Spinner' windows added. (0x1f8b570)
05/05/2014 17:01:26 (Std) 	Created WindowFactory for 'CEGUI/TabButton' windows.
05/05/2014 17:01:26 (Std) 	WindowFactory for 'CEGUI/TabButton' windows added. (0x1f39800)
05/05/2014 17:01:26 (Std) 	Created WindowFactory for 'CEGUI/TabControl' windows.
05/05/2014 17:01:26 (Std) 	WindowFactory for 'CEGUI/TabControl' windows added. (0x1f03c10)
05/05/2014 17:01:26 (Std) 	Created WindowFactory for 'CEGUI/Thumb' windows.
05/05/2014 17:01:26 (Std) 	WindowFactory for 'CEGUI/Thumb' windows added. (0x1f11710)
05/05/2014 17:01:26 (Std) 	Created WindowFactory for 'CEGUI/Titlebar' windows.
05/05/2014 17:01:26 (Std) 	WindowFactory for 'CEGUI/Titlebar' windows added. (0x1f6f330)
05/05/2014 17:01:26 (Std) 	Created WindowFactory for 'CEGUI/Tooltip' windows.
05/05/2014 17:01:26 (Std) 	WindowFactory for 'CEGUI/Tooltip' windows added. (0x1efb9a0)
05/05/2014 17:01:26 (Std) 	Created WindowFactory for 'CEGUI/ItemListbox' windows.
05/05/2014 17:01:26 (Std) 	WindowFactory for 'CEGUI/ItemListbox' windows added. (0x1fd1600)
05/05/2014 17:01:26 (Std) 	Created WindowFactory for 'CEGUI/GroupBox' windows.
05/05/2014 17:01:26 (Std) 	WindowFactory for 'CEGUI/GroupBox' windows added. (0x1f749d0)
05/05/2014 17:01:26 (Std) 	Created WindowFactory for 'CEGUI/Tree' windows.
05/05/2014 17:01:26 (Std) 	WindowFactory for 'CEGUI/Tree' windows added. (0x1f6afc0)
05/05/2014 17:01:26 (Std) 	Created WindowFactory for 'HorizontalLayoutContainer' windows.
05/05/2014 17:01:26 (Std) 	WindowFactory for 'HorizontalLayoutContainer' windows added. (0x1f2e5f0)
05/05/2014 17:01:26 (Std) 	Created WindowFactory for 'VerticalLayoutContainer' windows.
05/05/2014 17:01:26 (Std) 	WindowFactory for 'VerticalLayoutContainer' windows added. (0x1f27d20)
05/05/2014 17:01:26 (Std) 	Created WindowFactory for 'GridLayoutContainer' windows.
05/05/2014 17:01:26 (Std) 	WindowFactory for 'GridLayoutContainer' windows added. (0x1f33800)
05/05/2014 17:01:26 (Std) 	Window type alias named 'DefaultGUISheet' added for window type 'DefaultWindow'.
05/05/2014 17:01:26 (Std) 	CEGUI::System singleton created. (0x1f6ec50)
05/05/2014 17:01:26 (Std) 	---- CEGUI System initialisation completed ----
05/05/2014 17:01:26 (Std) 	
05/05/2014 17:01:26 (Std) 	XercesParser::initialiseSchema - Attempting to load schema from file 'GUIScheme.xsd'.
05/05/2014 17:01:26 (Std) 	XercesParser::initialiseSchema - XML schema file 'GUIScheme.xsd' has been initialised.
05/05/2014 17:01:26 (Std) 	Started creation of Scheme from XML specification:
05/05/2014 17:01:26 (Std) 	---- CEGUI GUIScheme name: TaharezLook
05/05/2014 17:01:26 (Std) 	XercesParser::initialiseSchema - Attempting to load schema from file 'Imageset.xsd'.
05/05/2014 17:01:26 (Std) 	XercesParser::initialiseSchema - XML schema file 'Imageset.xsd' has been initialised.
05/05/2014 17:01:26 (Std) 	Started creation of Imageset from XML specification:
05/05/2014 17:01:26 (Std) 	---- CEGUI Imageset name: TaharezLook
05/05/2014 17:01:26 (Std) 	---- Source texture file: TaharezLook.tga in resource group: (Default)
05/05/2014 17:01:26 (Std) 	XercesParser::initialiseSchema - Attempting to load schema from file 'Font.xsd'.
05/05/2014 17:01:26 (Std) 	XercesParser::initialiseSchema - XML schema file 'Font.xsd' has been initialised.
05/05/2014 17:01:26 (Std) 	Started creation of Font from XML specification:
05/05/2014 17:01:26 (Std) 	---- CEGUI font name: DejaVuSans-10
05/05/2014 17:01:26 (Std) 	----       Font type: FreeType
05/05/2014 17:01:26 (Std) 	----     Source file: DejaVuSans.ttf in resource group: (Default)
05/05/2014 17:01:26 (Std) 	---- Real point size: 10
05/05/2014 17:01:26 (Std) 	XercesParser::initialiseSchema - Attempting to load schema from file 'Falagard.xsd'.
05/05/2014 17:01:26 (Std) 	XercesParser::initialiseSchema - XML schema file 'Falagard.xsd' has been initialised.
05/05/2014 17:01:26 (Std) 	===== Falagard 'root' element: look and feel parsing begins =====
05/05/2014 17:01:26 (Std) 	===== Look and feel parsing completed =====
05/05/2014 17:01:26 (Std) 	No window renderer factories specified for module 'CEGUIFalagardWRBase' - adding all available factories...
05/05/2014 17:01:26 (Std) 	Created WindowRendererFactory for 'Falagard/Button' WindowRenderers.
05/05/2014 17:01:26 (Std) 	WindowRendererFactory 'Falagard/Button' added. (0x1f1d8c0)
05/05/2014 17:01:26 (Std) 	Created WindowRendererFactory for 'Falagard/Default' WindowRenderers.
05/05/2014 17:01:26 (Std) 	WindowRendererFactory 'Falagard/Default' added. (0x1f59ed0)
05/05/2014 17:01:26 (Std) 	Created WindowRendererFactory for 'Falagard/Editbox' WindowRenderers.
05/05/2014 17:01:26 (Std) 	WindowRendererFactory 'Falagard/Editbox' added. (0x1f783b0)
05/05/2014 17:01:26 (Std) 	Created WindowRendererFactory for 'Falagard/FrameWindow' WindowRenderers.
05/05/2014 17:01:26 (Std) 	WindowRendererFactory 'Falagard/FrameWindow' added. (0x1f45aa0)
05/05/2014 17:01:26 (Std) 	Created WindowRendererFactory for 'Falagard/ItemEntry' WindowRenderers.
05/05/2014 17:01:26 (Std) 	WindowRendererFactory 'Falagard/ItemEntry' added. (0x1ff9700)
05/05/2014 17:01:26 (Std) 	Created WindowRendererFactory for 'Falagard/ListHeader' WindowRenderers.
05/05/2014 17:01:26 (Std) 	WindowRendererFactory 'Falagard/ListHeader' added. (0x1fcd910)
05/05/2014 17:01:26 (Std) 	Created WindowRendererFactory for 'Falagard/ListHeaderSegment' WindowRenderers.
05/05/2014 17:01:26 (Std) 	WindowRendererFactory 'Falagard/ListHeaderSegment' added. (0x1fffac0)
05/05/2014 17:01:26 (Std) 	Created WindowRendererFactory for 'Falagard/Listbox' WindowRenderers.
05/05/2014 17:01:26 (Std) 	WindowRendererFactory 'Falagard/Listbox' added. (0x1f65e50)
05/05/2014 17:01:26 (Std) 	Created WindowRendererFactory for 'Falagard/Menubar' WindowRenderers.
05/05/2014 17:01:26 (Std) 	WindowRendererFactory 'Falagard/Menubar' added. (0x1f90ba0)
05/05/2014 17:01:26 (Std) 	Created WindowRendererFactory for 'Falagard/MenuItem' WindowRenderers.
05/05/2014 17:01:26 (Std) 	WindowRendererFactory 'Falagard/MenuItem' added. (0x21b7f10)
05/05/2014 17:01:26 (Std) 	Created WindowRendererFactory for 'Falagard/MultiColumnList' WindowRenderers.
05/05/2014 17:01:26 (Std) 	WindowRendererFactory 'Falagard/MultiColumnList' added. (0x1c52380)
05/05/2014 17:01:26 (Std) 	Created WindowRendererFactory for 'Falagard/MultiLineEditbox' WindowRenderers.
05/05/2014 17:01:26 (Std) 	WindowRendererFactory 'Falagard/MultiLineEditbox' added. (0x20bdae0)
05/05/2014 17:01:26 (Std) 	Created WindowRendererFactory for 'Falagard/PopupMenu' WindowRenderers.
05/05/2014 17:01:26 (Std) 	WindowRendererFactory 'Falagard/PopupMenu' added. (0x1f603e0)
05/05/2014 17:01:26 (Std) 	Created WindowRendererFactory for 'Falagard/ProgressBar' WindowRenderers.
05/05/2014 17:01:26 (Std) 	WindowRendererFactory 'Falagard/ProgressBar' added. (0x1fad550)
05/05/2014 17:01:26 (Std) 	Created WindowRendererFactory for 'Falagard/ScrollablePane' WindowRenderers.
05/05/2014 17:01:26 (Std) 	WindowRendererFactory 'Falagard/ScrollablePane' added. (0x1f29cd0)
05/05/2014 17:01:26 (Std) 	Created WindowRendererFactory for 'Falagard/Scrollbar' WindowRenderers.
05/05/2014 17:01:26 (Std) 	WindowRendererFactory 'Falagard/Scrollbar' added. (0x1fbd270)
05/05/2014 17:01:26 (Std) 	Created WindowRendererFactory for 'Falagard/Slider' WindowRenderers.
05/05/2014 17:01:26 (Std) 	WindowRendererFactory 'Falagard/Slider' added. (0x1fa3a50)
05/05/2014 17:01:26 (Std) 	Created WindowRendererFactory for 'Falagard/Static' WindowRenderers.
05/05/2014 17:01:26 (Std) 	WindowRendererFactory 'Falagard/Static' added. (0x1f0acc0)
05/05/2014 17:01:26 (Std) 	Created WindowRendererFactory for 'Falagard/StaticImage' WindowRenderers.
05/05/2014 17:01:26 (Std) 	WindowRendererFactory 'Falagard/StaticImage' added. (0x1f670e0)
05/05/2014 17:01:26 (Std) 	Created WindowRendererFactory for 'Falagard/StaticText' WindowRenderers.
05/05/2014 17:01:26 (Std) 	WindowRendererFactory 'Falagard/StaticText' added. (0x1f57920)
05/05/2014 17:01:26 (Std) 	Created WindowRendererFactory for 'Falagard/SystemButton' WindowRenderers.
05/05/2014 17:01:26 (Std) 	WindowRendererFactory 'Falagard/SystemButton' added. (0x1f5e4a0)
05/05/2014 17:01:26 (Std) 	Created WindowRendererFactory for 'Falagard/TabButton' WindowRenderers.
05/05/2014 17:01:26 (Std) 	WindowRendererFactory 'Falagard/TabButton' added. (0x1fcc150)
05/05/2014 17:01:26 (Std) 	Created WindowRendererFactory for 'Falagard/TabControl' WindowRenderers.
05/05/2014 17:01:26 (Std) 	WindowRendererFactory 'Falagard/TabControl' added. (0x1f8c500)
05/05/2014 17:01:26 (Std) 	Created WindowRendererFactory for 'Falagard/Titlebar' WindowRenderers.
05/05/2014 17:01:26 (Std) 	WindowRendererFactory 'Falagard/Titlebar' added. (0x1f7e0e0)
05/05/2014 17:01:26 (Std) 	Created WindowRendererFactory for 'Falagard/ToggleButton' WindowRenderers.
05/05/2014 17:01:26 (Std) 	WindowRendererFactory 'Falagard/ToggleButton' added. (0x1fd2600)
05/05/2014 17:01:26 (Std) 	Created WindowRendererFactory for 'Falagard/Tooltip' WindowRenderers.
05/05/2014 17:01:26 (Std) 	WindowRendererFactory 'Falagard/Tooltip' added. (0x1f37280)
05/05/2014 17:01:26 (Std) 	Created WindowRendererFactory for 'Falagard/ItemListbox' WindowRenderers.
05/05/2014 17:01:26 (Std) 	WindowRendererFactory 'Falagard/ItemListbox' added. (0x1fffd90)
05/05/2014 17:01:26 (Std) 	Created WindowRendererFactory for 'Falagard/Tree' WindowRenderers.
05/05/2014 17:01:26 (Std) 	WindowRendererFactory 'Falagard/Tree' added. (0x1f2a4b0)
05/05/2014 17:01:26 (Std) 	Creating falagard mapping for type 'TaharezLook/Button' using base type 'CEGUI/PushButton', window renderer 'Falagard/Button' Look'N'Feel 'TaharezLook/Button' and RenderEffect ''. (0x7fff119c54a0)
05/05/2014 17:01:26 (Std) 	Creating falagard mapping for type 'TaharezLook/Checkbox' using base type 'CEGUI/Checkbox', window renderer 'Falagard/ToggleButton' Look'N'Feel 'TaharezLook/Checkbox' and RenderEffect ''. (0x7fff119c54a0)
05/05/2014 17:01:26 (Std) 	Creating falagard mapping for type 'TaharezLook/ImageButton' using base type 'CEGUI/PushButton', window renderer 'Falagard/Button' Look'N'Feel 'TaharezLook/ImageButton' and RenderEffect ''. (0x7fff119c54a0)
05/05/2014 17:01:26 (Std) 	Creating falagard mapping for type 'TaharezLook/RadioButton' using base type 'CEGUI/RadioButton', window renderer 'Falagard/ToggleButton' Look'N'Feel 'TaharezLook/RadioButton' and RenderEffect ''. (0x7fff119c54a0)
05/05/2014 17:01:26 (Std) 	Creating falagard mapping for type 'TaharezLook/FrameWindow' using base type 'CEGUI/FrameWindow', window renderer 'Falagard/FrameWindow' Look'N'Feel 'TaharezLook/FrameWindow' and RenderEffect ''. (0x7fff119c54a0)
05/05/2014 17:01:26 (Std) 	Creating falagard mapping for type 'TaharezLook/Titlebar' using base type 'CEGUI/Titlebar', window renderer 'Falagard/Titlebar' Look'N'Feel 'TaharezLook/Titlebar' and RenderEffect ''. (0x7fff119c54a0)
05/05/2014 17:01:26 (Std) 	Creating falagard mapping for type 'TaharezLook/SystemButton' using base type 'CEGUI/PushButton', window renderer 'Falagard/Button' Look'N'Feel 'TaharezLook/Button' and RenderEffect ''. (0x7fff119c54a0)
05/05/2014 17:01:26 (Std) 	Creating falagard mapping for type 'TaharezLook/Editbox' using base type 'CEGUI/Editbox', window renderer 'Falagard/Editbox' Look'N'Feel 'TaharezLook/Editbox' and RenderEffect ''. (0x7fff119c54a0)
05/05/2014 17:01:26 (Std) 	Creating falagard mapping for type 'TaharezLook/MultiLineEditbox' using base type 'CEGUI/MultiLineEditbox', window renderer 'Falagard/MultiLineEditbox' Look'N'Feel 'TaharezLook/MultiLineEditbox' and RenderEffect ''. (0x7fff119c54a0)
05/05/2014 17:01:26 (Std) 	Creating falagard mapping for type 'TaharezLook/Menubar' using base type 'CEGUI/Menubar', window renderer 'Falagard/Menubar' Look'N'Feel 'TaharezLook/Menubar' and RenderEffect ''. (0x7fff119c54a0)
05/05/2014 17:01:26 (Std) 	Creating falagard mapping for type 'TaharezLook/PopupMenu' using base type 'CEGUI/PopupMenu', window renderer 'Falagard/PopupMenu' Look'N'Feel 'TaharezLook/PopupMenu' and RenderEffect ''. (0x7fff119c54a0)
05/05/2014 17:01:26 (Std) 	Creating falagard mapping for type 'TaharezLook/MenuItem' using base type 'CEGUI/MenuItem', window renderer 'Falagard/MenuItem' Look'N'Feel 'TaharezLook/MenuItem' and RenderEffect ''. (0x7fff119c54a0)
05/05/2014 17:01:26 (Std) 	Creating falagard mapping for type 'TaharezLook/AlternateProgressBar' using base type 'CEGUI/ProgressBar', window renderer 'Falagard/ProgressBar' Look'N'Feel 'TaharezLook/AltProgressBar' and RenderEffect ''. (0x7fff119c54a0)
05/05/2014 17:01:26 (Std) 	Creating falagard mapping for type 'TaharezLook/ProgressBar' using base type 'CEGUI/ProgressBar', window renderer 'Falagard/ProgressBar' Look'N'Feel 'TaharezLook/ProgressBar' and RenderEffect ''. (0x7fff119c54a0)
05/05/2014 17:01:26 (Std) 	Creating falagard mapping for type 'TaharezLook/VUMeter' using base type 'CEGUI/ProgressBar', window renderer 'Falagard/ProgressBar' Look'N'Feel 'TaharezLook/VUMeter' and RenderEffect ''. (0x7fff119c54a0)
05/05/2014 17:01:26 (Std) 	Creating falagard mapping for type 'TaharezLook/VerticalScrollbar' using base type 'CEGUI/Scrollbar', window renderer 'Falagard/Scrollbar' Look'N'Feel 'TaharezLook/VerticalScrollbar' and RenderEffect ''. (0x7fff119c54a0)
05/05/2014 17:01:26 (Std) 	Creating falagard mapping for type 'TaharezLook/HorizontalScrollbar' using base type 'CEGUI/Scrollbar', window renderer 'Falagard/Scrollbar' Look'N'Feel 'TaharezLook/HorizontalScrollbar' and RenderEffect ''. (0x7fff119c54a0)
05/05/2014 17:01:26 (Std) 	Creating falagard mapping for type 'TaharezLook/VerticalScrollbarThumb' using base type 'CEGUI/Thumb', window renderer 'Falagard/Button' Look'N'Feel 'TaharezLook/VerticalScrollbarThumb' and RenderEffect ''. (0x7fff119c54a0)
05/05/2014 17:01:26 (Std) 	Creating falagard mapping for type 'TaharezLook/HorizontalScrollbarThumb' using base type 'CEGUI/Thumb', window renderer 'Falagard/Button' Look'N'Feel 'TaharezLook/HorizontalScrollbarThumb' and RenderEffect ''. (0x7fff119c54a0)
05/05/2014 17:01:26 (Std) 	Creating falagard mapping for type 'TaharezLook/LargeVerticalScrollbar' using base type 'CEGUI/Scrollbar', window renderer 'Falagard/Scrollbar' Look'N'Feel 'TaharezLook/LargeVerticalScrollbar' and RenderEffect ''. (0x7fff119c54a0)
05/05/2014 17:01:26 (Std) 	Creating falagard mapping for type 'TaharezLook/LargeVerticalScrollbarThumb' using base type 'CEGUI/Thumb', window renderer 'Falagard/Button' Look'N'Feel 'TaharezLook/LargeVerticalScrollbarThumb' and RenderEffect ''. (0x7fff119c54a0)
05/05/2014 17:01:26 (Std) 	Creating falagard mapping for type 'TaharezLook/TabButton' using base type 'CEGUI/TabButton', window renderer 'Falagard/TabButton' Look'N'Feel 'TaharezLook/TabButton' and RenderEffect ''. (0x7fff119c54a0)
05/05/2014 17:01:26 (Std) 	Creating falagard mapping for type 'TaharezLook/TabControl' using base type 'CEGUI/TabControl', window renderer 'Falagard/TabControl' Look'N'Feel 'TaharezLook/TabControl' and RenderEffect ''. (0x7fff119c54a0)
05/05/2014 17:01:26 (Std) 	Creating falagard mapping for type 'TaharezLook/TabContentPane' using base type 'DefaultWindow', window renderer 'Falagard/Default' Look'N'Feel 'TaharezLook/TabContentPane' and RenderEffect ''. (0x7fff119c54a0)
05/05/2014 17:01:26 (Std) 	Creating falagard mapping for type 'TaharezLook/TabButtonPane' using base type 'DefaultWindow', window renderer 'Falagard/Default' Look'N'Feel 'TaharezLook/TabButtonPane' and RenderEffect ''. (0x7fff119c54a0)
05/05/2014 17:01:26 (Std) 	Creating falagard mapping for type 'TaharezLook/ComboDropList' using base type 'CEGUI/ComboDropList', window renderer 'Falagard/Listbox' Look'N'Feel 'TaharezLook/ComboDropList' and RenderEffect ''. (0x7fff119c54a0)
05/05/2014 17:01:26 (Std) 	Creating falagard mapping for type 'TaharezLook/ComboEditbox' using base type 'CEGUI/Editbox', window renderer 'Falagard/Editbox' Look'N'Feel 'TaharezLook/ComboEditbox' and RenderEffect ''. (0x7fff119c54a0)
05/05/2014 17:01:26 (Std) 	Creating falagard mapping for type 'TaharezLook/Combobox' using base type 'CEGUI/Combobox', window renderer 'Falagard/Default' Look'N'Feel 'TaharezLook/Combobox' and RenderEffect ''. (0x7fff119c54a0)
05/05/2014 17:01:26 (Std) 	Creating falagard mapping for type 'TaharezLook/Listbox' using base type 'CEGUI/Listbox', window renderer 'Falagard/Listbox' Look'N'Feel 'TaharezLook/Listbox' and RenderEffect ''. (0x7fff119c54a0)
05/05/2014 17:01:26 (Std) 	Creating falagard mapping for type 'TaharezLook/ListHeader' using base type 'CEGUI/ListHeader', window renderer 'Falagard/ListHeader' Look'N'Feel 'TaharezLook/ListHeader' and RenderEffect ''. (0x7fff119c54a0)
05/05/2014 17:01:26 (Std) 	Creating falagard mapping for type 'TaharezLook/ListHeaderSegment' using base type 'CEGUI/ListHeaderSegment', window renderer 'Falagard/ListHeaderSegment' Look'N'Feel 'TaharezLook/ListHeaderSegment' and RenderEffect ''. (0x7fff119c54a0)
05/05/2014 17:01:26 (Std) 	Creating falagard mapping for type 'TaharezLook/MultiColumnList' using base type 'CEGUI/MultiColumnList', window renderer 'Falagard/MultiColumnList' Look'N'Feel 'TaharezLook/MultiColumnList' and RenderEffect ''. (0x7fff119c54a0)
05/05/2014 17:01:26 (Std) 	Creating falagard mapping for type 'TaharezLook/Slider' using base type 'CEGUI/Slider', window renderer 'Falagard/Slider' Look'N'Feel 'TaharezLook/Slider' and RenderEffect ''. (0x7fff119c54a0)
05/05/2014 17:01:26 (Std) 	Creating falagard mapping for type 'TaharezLook/SliderThumb' using base type 'CEGUI/Thumb', window renderer 'Falagard/Button' Look'N'Feel 'TaharezLook/SliderThumb' and RenderEffect ''. (0x7fff119c54a0)
05/05/2014 17:01:26 (Std) 	Creating falagard mapping for type 'TaharezLook/ScrollablePane' using base type 'CEGUI/ScrollablePane', window renderer 'Falagard/ScrollablePane' Look'N'Feel 'TaharezLook/ScrollablePane' and RenderEffect ''. (0x7fff119c54a0)
05/05/2014 17:01:26 (Std) 	Creating falagard mapping for type 'TaharezLook/Spinner' using base type 'CEGUI/Spinner', window renderer 'Falagard/Default' Look'N'Feel 'TaharezLook/Spinner' and RenderEffect ''. (0x7fff119c54a0)
05/05/2014 17:01:26 (Std) 	Creating falagard mapping for type 'TaharezLook/Tooltip' using base type 'CEGUI/Tooltip', window renderer 'Falagard/Tooltip' Look'N'Feel 'TaharezLook/Tooltip' and RenderEffect ''. (0x7fff119c54a0)
05/05/2014 17:01:26 (Std) 	Creating falagard mapping for type 'TaharezLook/StaticImage' using base type 'DefaultWindow', window renderer 'Falagard/StaticImage' Look'N'Feel 'TaharezLook/StaticImage' and RenderEffect ''. (0x7fff119c54a0)
05/05/2014 17:01:26 (Std) 	Creating falagard mapping for type 'TaharezLook/StaticText' using base type 'DefaultWindow', window renderer 'Falagard/StaticText' Look'N'Feel 'TaharezLook/StaticText' and RenderEffect ''. (0x7fff119c54a0)
05/05/2014 17:01:26 (Std) 	Creating falagard mapping for type 'TaharezLook/ItemListbox' using base type 'CEGUI/ItemListbox', window renderer 'Falagard/ItemListbox' Look'N'Feel 'TaharezLook/ItemListbox' and RenderEffect ''. (0x7fff119c54a0)
05/05/2014 17:01:26 (Std) 	Creating falagard mapping for type 'TaharezLook/ListboxItem' using base type 'CEGUI/ItemEntry', window renderer 'Falagard/ItemEntry' Look'N'Feel 'TaharezLook/ListboxItem' and RenderEffect ''. (0x7fff119c54a0)
05/05/2014 17:01:26 (Std) 	Creating falagard mapping for type 'TaharezLook/GroupBox' using base type 'CEGUI/GroupBox', window renderer 'Falagard/Default' Look'N'Feel 'TaharezLook/GroupBox' and RenderEffect ''. (0x7fff119c54a0)
05/05/2014 17:01:26 (Std) 	Creating falagard mapping for type 'TaharezLook/Tree' using base type 'CEGUI/Tree', window renderer 'Falagard/Tree' Look'N'Feel 'TaharezLook/Tree' and RenderEffect ''. (0x7fff119c54a0)
05/05/2014 17:01:26 (Std) 	XercesParser::initialiseSchema - Attempting to load schema from file 'Imageset.xsd'.
05/05/2014 17:01:26 (Std) 	XercesParser::initialiseSchema - XML schema file 'Imageset.xsd' has been initialised.
05/05/2014 17:01:26 (Std) 	Started creation of Imageset from XML specification:
05/05/2014 17:01:26 (Std) 	---- CEGUI Imageset name: Pluto
05/05/2014 17:01:26 (Std) 	---- Source texture file: PlutoImages_1.png in resource group: (Default)
05/05/2014 17:01:26 (Std) 	XercesParser::initialiseSchema - Attempting to load schema from file 'GUILayout.xsd'.
05/05/2014 17:01:26 (Std) 	XercesParser::initialiseSchema - XML schema file 'GUILayout.xsd' has been initialised.
05/05/2014 17:01:26 (Std) 	Attempting to create Imageset 'DejaVuSans-10_auto_glyph_images_ ' with texture only.
05/05/2014 17:01:26 (Std) 	---- Successfully completed loading of GUI layout from 'Pluto.layout' ----
05/05/2014 17:01:26 (Std) 	XercesParser::initialiseSchema - Attempting to load schema from file 'Animation.xsd'.
05/05/2014 17:01:26 (Std) 	XercesParser::initialiseSchema - XML schema file 'Animation.xsd' has been initialised.
05/05/2014 17:01:26 (Std) 	===== Begin Animations parsing =====
05/05/2014 17:01:26 (Std) 	Defining animation named: Fade_out  Duration: 0.4  Replay mode: once  Auto start: false
05/05/2014 17:01:26 (Std) 		Adding affector for property: Alpha  Interpolator: float  Application method: absolute
05/05/2014 17:01:26 (Std) 			Adding KeyFrame at position: 0  Value: 1
05/05/2014 17:01:26 (Std) 			Adding KeyFrame at position: 0.4  Value: .4  Progression: quadratic accelerating
05/05/2014 17:01:26 (Std) 		Adding subscription to event: MouseEntersArea  Action: Start
05/05/2014 17:01:26 (Std) 		Adding subscription to event: MouseLeavesArea  Action: Stop
05/05/2014 17:01:26 (Std) 	Defining animation named: Fade_in  Duration: 0.2  Replay mode: once  Auto start: false
05/05/2014 17:01:26 (Std) 		Adding affector for property: Alpha  Interpolator: float  Application method: absolute
05/05/2014 17:01:26 (Std) 			Adding KeyFrame at position: 0  Value: 0.4
05/05/2014 17:01:26 (Std) 			Adding KeyFrame at position: 0.2  Value: 1  Progression: linear
05/05/2014 17:01:26 (Std) 		Adding subscription to event: MouseLeavesArea  Action: Start
05/05/2014 17:01:26 (Std) 		Adding subscription to event: MouseEntersArea  Action: Stop
05/05/2014 17:01:26 (Std) 	Defining animation named: Slide_in  Duration: 0.3  Replay mode: once  Auto start: false
05/05/2014 17:01:26 (Std) 		Adding affector for property: UnifiedXPosition  Interpolator: UDim  Application method: relative
05/05/2014 17:01:26 (Std) 			Adding KeyFrame at position: 0  Value: {0,0}
05/05/2014 17:01:26 (Std) 			Adding KeyFrame at position: 0.3  Value: {0.2,0}  Progression: linear
05/05/2014 17:01:26 (Std) 	Defining animation named: Slide_out  Duration: 0.3  Replay mode: once  Auto start: false
05/05/2014 17:01:26 (Std) 		Adding affector for property: UnifiedXPosition  Interpolator: UDim  Application method: relative
05/05/2014 17:01:26 (Std) 			Adding KeyFrame at position: 0  Value: {0,0}
05/05/2014 17:01:26 (Std) 			Adding KeyFrame at position: 0.3  Value: {-0.2,0}  Progression: linear
05/05/2014 17:01:26 (Std) 	===== End Animations parsing =====
