This file contains any messages produced by compilers while
running configure, to aid debugging if configure makes a mistake.

It was created by configure, which was
generated by GNU Autoconf 2.68.  Invocation command line was

  $ ./configure 

## --------- ##
## Platform. ##
## --------- ##

hostname = disco-bandit
uname -m = x86_64
uname -r = 3.2.0-59-generic
uname -s = Linux
uname -v = #90-Ubuntu SMP Tue Jan 7 22:43:51 UTC 2014

/usr/bin/uname -p = unknown
/bin/uname -X     = unknown

/bin/arch              = unknown
/usr/bin/arch -k       = unknown
/usr/convex/getsysinfo = unknown
/usr/bin/hostinfo      = unknown
/bin/machine           = unknown
/usr/bin/oslevel       = unknown
/bin/universe          = unknown

PATH: /lusr/bin
PATH: /sbin
PATH: /bin
PATH: /usr/sbin
PATH: /usr/bin
PATH: /usr/games
PATH: /usr/bin/mh
PATH: /lusr/share/hosts
PATH: /lusr/bin/tex
PATH: /lusr/games/bin
PATH: /lusr/opt/condor/bin
PATH: .


## ----------- ##
## Core tests. ##
## ----------- ##

configure:2334: checking for a BSD-compatible install
configure:2402: result: /usr/bin/install -c
configure:2413: checking whether build environment is sane
configure:2463: result: yes
configure:2604: checking for a thread-safe mkdir -p
configure:2643: result: /bin/mkdir -p
configure:2656: checking for gawk
configure:2672: found /usr/bin/gawk
configure:2683: result: gawk
configure:2694: checking whether make sets $(MAKE)
configure:2716: result: yes
configure:2863: checking for g++
configure:2879: found /usr/bin/g++
configure:2890: result: g++
configure:2917: checking for C++ compiler version
configure:2926: g++ --version >&5
g++ (Ubuntu/Linaro 4.6.3-1ubuntu5) 4.6.3
Copyright (C) 2011 Free Software Foundation, Inc.
This is free software; see the source for copying conditions.  There is NO
warranty; not even for MERCHANTABILITY or FITNESS FOR A PARTICULAR PURPOSE.

configure:2937: $? = 0
configure:2926: g++ -v >&5
Using built-in specs.
COLLECT_GCC=g++
COLLECT_LTO_WRAPPER=/usr/lib/gcc/x86_64-linux-gnu/4.6/lto-wrapper
Target: x86_64-linux-gnu
Configured with: ../src/configure -v --with-pkgversion='Ubuntu/Linaro 4.6.3-1ubuntu5' --with-bugurl=file:///usr/share/doc/gcc-4.6/README.Bugs --enable-languages=c,c++,fortran,objc,obj-c++ --prefix=/usr --program-suffix=-4.6 --enable-shared --enable-linker-build-id --with-system-zlib --libexecdir=/usr/lib --without-included-gettext --enable-threads=posix --with-gxx-include-dir=/usr/include/c++/4.6 --libdir=/usr/lib --enable-nls --with-sysroot=/ --enable-clocale=gnu --enable-libstdcxx-debug --enable-libstdcxx-time=yes --enable-gnu-unique-object --enable-plugin --enable-objc-gc --disable-werror --with-arch-32=i686 --with-tune=generic --enable-checking=release --build=x86_64-linux-gnu --host=x86_64-linux-gnu --target=x86_64-linux-gnu
Thread model: posix
gcc version 4.6.3 (Ubuntu/Linaro 4.6.3-1ubuntu5) 
configure:2937: $? = 0
configure:2926: g++ -V >&5
g++: error: unrecognized option '-V'
g++: fatal error: no input files
compilation terminated.
configure:2937: $? = 4
configure:2926: g++ -qversion >&5
g++: error: unrecognized option '-qversion'
g++: fatal error: no input files
compilation terminated.
configure:2937: $? = 4
configure:2957: checking whether the C++ compiler works
configure:2979: g++    conftest.cpp  >&5
configure:2983: $? = 0
configure:3031: result: yes
configure:3034: checking for C++ compiler default output file name
configure:3036: result: a.out
configure:3042: checking for suffix of executables
configure:3049: g++ -o conftest    conftest.cpp  >&5
configure:3053: $? = 0
configure:3075: result: 
configure:3097: checking whether we are cross compiling
configure:3105: g++ -o conftest    conftest.cpp  >&5
configure:3109: $? = 0
configure:3116: ./conftest
configure:3120: $? = 0
configure:3135: result: no
configure:3140: checking for suffix of object files
configure:3162: g++ -c   conftest.cpp >&5
configure:3166: $? = 0
configure:3187: result: o
configure:3191: checking whether we are using the GNU C++ compiler
configure:3210: g++ -c   conftest.cpp >&5
configure:3210: $? = 0
configure:3219: result: yes
configure:3228: checking whether g++ accepts -g
configure:3248: g++ -c -g  conftest.cpp >&5
configure:3248: $? = 0
configure:3289: result: yes
configure:3323: checking for style of include used by make
configure:3351: result: GNU
configure:3377: checking dependency style of g++
configure:3488: result: gcc3
configure:3532: checking build system type
configure:3546: result: x86_64-unknown-linux-gnu
configure:3566: checking host system type
configure:3579: result: x86_64-unknown-linux-gnu
configure:3620: checking how to print strings
configure:3647: result: printf
configure:3716: checking for gcc
configure:3732: found /usr/bin/gcc
configure:3743: result: gcc
configure:3972: checking for C compiler version
configure:3981: gcc --version >&5
gcc (Ubuntu/Linaro 4.6.3-1ubuntu5) 4.6.3
Copyright (C) 2011 Free Software Foundation, Inc.
This is free software; see the source for copying conditions.  There is NO
warranty; not even for MERCHANTABILITY or FITNESS FOR A PARTICULAR PURPOSE.

configure:3992: $? = 0
configure:3981: gcc -v >&5
Using built-in specs.
COLLECT_GCC=gcc
COLLECT_LTO_WRAPPER=/usr/lib/gcc/x86_64-linux-gnu/4.6/lto-wrapper
Target: x86_64-linux-gnu
Configured with: ../src/configure -v --with-pkgversion='Ubuntu/Linaro 4.6.3-1ubuntu5' --with-bugurl=file:///usr/share/doc/gcc-4.6/README.Bugs --enable-languages=c,c++,fortran,objc,obj-c++ --prefix=/usr --program-suffix=-4.6 --enable-shared --enable-linker-build-id --with-system-zlib --libexecdir=/usr/lib --without-included-gettext --enable-threads=posix --with-gxx-include-dir=/usr/include/c++/4.6 --libdir=/usr/lib --enable-nls --with-sysroot=/ --enable-clocale=gnu --enable-libstdcxx-debug --enable-libstdcxx-time=yes --enable-gnu-unique-object --enable-plugin --enable-objc-gc --disable-werror --with-arch-32=i686 --with-tune=generic --enable-checking=release --build=x86_64-linux-gnu --host=x86_64-linux-gnu --target=x86_64-linux-gnu
Thread model: posix
gcc version 4.6.3 (Ubuntu/Linaro 4.6.3-1ubuntu5) 
configure:3992: $? = 0
configure:3981: gcc -V >&5
gcc: error: unrecognized option '-V'
gcc: fatal error: no input files
compilation terminated.
configure:3992: $? = 4
configure:3981: gcc -qversion >&5
gcc: error: unrecognized option '-qversion'
gcc: fatal error: no input files
compilation terminated.
configure:3992: $? = 4
configure:3996: checking whether we are using the GNU C compiler
configure:4015: gcc -c   conftest.c >&5
configure:4015: $? = 0
configure:4024: result: yes
configure:4033: checking whether gcc accepts -g
configure:4053: gcc -c -g  conftest.c >&5
configure:4053: $? = 0
configure:4094: result: yes
configure:4111: checking for gcc option to accept ISO C89
configure:4175: gcc  -c -g -O2  conftest.c >&5
configure:4175: $? = 0
configure:4188: result: none needed
configure:4210: checking dependency style of gcc
configure:4321: result: gcc3
configure:4336: checking for a sed that does not truncate output
configure:4400: result: /bin/sed
configure:4418: checking for grep that handles long lines and -e
configure:4476: result: /bin/grep
configure:4481: checking for egrep
configure:4543: result: /bin/grep -E
configure:4548: checking for fgrep
configure:4610: result: /bin/grep -F
configure:4645: checking for ld used by gcc
configure:4712: result: /usr/bin/ld
configure:4719: checking if the linker (/usr/bin/ld) is GNU ld
configure:4734: result: yes
configure:4746: checking for BSD- or MS-compatible name lister (nm)
configure:4795: result: /usr/bin/nm -B
configure:4925: checking the name lister (/usr/bin/nm -B) interface
configure:4932: g++ -c -g -O2  conftest.cpp >&5
configure:4935: /usr/bin/nm -B "conftest.o"
configure:4938: output
0000000000000000 B some_variable
configure:4945: result: BSD nm
configure:4948: checking whether ln -s works
configure:4952: result: yes
configure:4960: checking the maximum length of command line arguments
configure:5090: result: 1572864
configure:5107: checking whether the shell understands some XSI constructs
configure:5117: result: yes
configure:5121: checking whether the shell understands "+="
configure:5127: result: yes
configure:5162: checking how to convert x86_64-unknown-linux-gnu file names to x86_64-unknown-linux-gnu format
configure:5202: result: func_convert_file_noop
configure:5209: checking how to convert x86_64-unknown-linux-gnu file names to toolchain format
configure:5229: result: func_convert_file_noop
configure:5236: checking for /usr/bin/ld option to reload object files
configure:5243: result: -r
configure:5317: checking for objdump
configure:5333: found /usr/bin/objdump
configure:5344: result: objdump
configure:5376: checking how to recognize dependent libraries
configure:5578: result: pass_all
configure:5663: checking for dlltool
configure:5693: result: no
configure:5723: checking how to associate runtime and link libraries
configure:5750: result: printf %s\n
configure:5811: checking for ar
configure:5827: found /usr/bin/ar
configure:5838: result: ar
configure:5875: checking for archiver @FILE support
configure:5892: g++ -c -g -O2  conftest.cpp >&5
configure:5892: $? = 0
configure:5895: ar cru libconftest.a @conftest.lst >&5
configure:5898: $? = 0
configure:5903: ar cru libconftest.a @conftest.lst >&5
ar: conftest.o: No such file or directory
configure:5906: $? = 1
configure:5918: result: @
configure:5976: checking for strip
configure:5992: found /usr/bin/strip
configure:6003: result: strip
configure:6075: checking for ranlib
configure:6091: found /usr/bin/ranlib
configure:6102: result: ranlib
configure:6204: checking command to parse /usr/bin/nm -B output from gcc object
configure:6324: g++ -c -g -O2  conftest.cpp >&5
configure:6327: $? = 0
configure:6331: /usr/bin/nm -B conftest.o \| sed -n -e 's/^.*[ ]\([ABCDGIRSTW][ABCDGIRSTW]*\)[ ][ ]*\([_A-Za-z][_A-Za-z0-9]*\)$/\1 \2 \2/p' | sed '/ __gnu_lto/d' \> conftest.nm
configure:6334: $? = 0
configure:6400: g++ -o conftest -g -O2   conftest.cpp conftstm.o >&5
configure:6403: $? = 0
configure:6441: result: ok
configure:6478: checking for sysroot
configure:6508: result: no
configure:6586: g++ -c -g -O2  conftest.cpp >&5
configure:6589: $? = 0
configure:6765: checking for mt
configure:6781: found /bin/mt
configure:6792: result: mt
configure:6815: checking if mt is a manifest tool
configure:6821: mt '-?'
configure:6829: result: no
configure:7471: checking how to run the C preprocessor
configure:7502: gcc -E  conftest.c
configure:7502: $? = 0
configure:7516: gcc -E  conftest.c
conftest.c:11:28: fatal error: ac_nonexistent.h: No such file or directory
compilation terminated.
configure:7516: $? = 1
configure: failed program was:
| /* confdefs.h */
| #define PACKAGE_NAME ""
| #define PACKAGE_TARNAME ""
| #define PACKAGE_VERSION ""
| #define PACKAGE_STRING ""
| #define PACKAGE_BUGREPORT ""
| #define PACKAGE_URL ""
| #define PACKAGE "SampleApp"
| #define VERSION "0.1"
| /* end confdefs.h.  */
| #include <ac_nonexistent.h>
configure:7541: result: gcc -E
configure:7561: gcc -E  conftest.c
configure:7561: $? = 0
configure:7575: gcc -E  conftest.c
conftest.c:11:28: fatal error: ac_nonexistent.h: No such file or directory
compilation terminated.
configure:7575: $? = 1
configure: failed program was:
| /* confdefs.h */
| #define PACKAGE_NAME ""
| #define PACKAGE_TARNAME ""
| #define PACKAGE_VERSION ""
| #define PACKAGE_STRING ""
| #define PACKAGE_BUGREPORT ""
| #define PACKAGE_URL ""
| #define PACKAGE "SampleApp"
| #define VERSION "0.1"
| /* end confdefs.h.  */
| #include <ac_nonexistent.h>
configure:7604: checking for ANSI C header files
configure:7624: gcc -c -g -O2  conftest.c >&5
configure:7624: $? = 0
configure:7697: gcc -o conftest -g -O2   conftest.c  >&5
configure:7697: $? = 0
configure:7697: ./conftest
configure:7697: $? = 0
configure:7708: result: yes
configure:7721: checking for sys/types.h
configure:7721: gcc -c -g -O2  conftest.c >&5
configure:7721: $? = 0
configure:7721: result: yes
configure:7721: checking for sys/stat.h
configure:7721: gcc -c -g -O2  conftest.c >&5
configure:7721: $? = 0
configure:7721: result: yes
configure:7721: checking for stdlib.h
configure:7721: gcc -c -g -O2  conftest.c >&5
configure:7721: $? = 0
configure:7721: result: yes
configure:7721: checking for string.h
configure:7721: gcc -c -g -O2  conftest.c >&5
configure:7721: $? = 0
configure:7721: result: yes
configure:7721: checking for memory.h
configure:7721: gcc -c -g -O2  conftest.c >&5
configure:7721: $? = 0
configure:7721: result: yes
configure:7721: checking for strings.h
configure:7721: gcc -c -g -O2  conftest.c >&5
configure:7721: $? = 0
configure:7721: result: yes
configure:7721: checking for inttypes.h
configure:7721: gcc -c -g -O2  conftest.c >&5
configure:7721: $? = 0
configure:7721: result: yes
configure:7721: checking for stdint.h
configure:7721: gcc -c -g -O2  conftest.c >&5
configure:7721: $? = 0
configure:7721: result: yes
configure:7721: checking for unistd.h
configure:7721: gcc -c -g -O2  conftest.c >&5
configure:7721: $? = 0
configure:7721: result: yes
configure:7735: checking for dlfcn.h
configure:7735: gcc -c -g -O2  conftest.c >&5
configure:7735: $? = 0
configure:7735: result: yes
configure:7951: checking for objdir
configure:7966: result: .libs
configure:8233: checking if gcc supports -fno-rtti -fno-exceptions
configure:8251: gcc -c -g -O2  -fno-rtti -fno-exceptions conftest.c >&5
cc1: warning: command line option '-fno-rtti' is valid for C++/ObjC++ but not for C [enabled by default]
configure:8255: $? = 0
configure:8268: result: no
configure:8595: checking for gcc option to produce PIC
configure:8602: result: -fPIC -DPIC
configure:8610: checking if gcc PIC flag -fPIC -DPIC works
configure:8628: gcc -c -g -O2  -fPIC -DPIC -DPIC conftest.c >&5
configure:8632: $? = 0
configure:8645: result: yes
configure:8674: checking if gcc static flag -static works
configure:8702: result: yes
configure:8717: checking if gcc supports -c -o file.o
configure:8738: gcc -c -g -O2  -o out/conftest2.o conftest.c >&5
configure:8742: $? = 0
configure:8764: result: yes
configure:8772: checking if gcc supports -c -o file.o
configure:8819: result: yes
configure:8852: checking whether the gcc linker (/usr/bin/ld -m elf_x86_64) supports shared libraries
configure:10009: result: yes
configure:10046: checking whether -lc should be explicitly linked in
configure:10054: gcc -c -g -O2  conftest.c >&5
configure:10057: $? = 0
configure:10072: gcc -shared  -fPIC -DPIC conftest.o  -v -Wl,-soname -Wl,conftest -o conftest 2\>\&1 \| /bin/grep  -lc  \>/dev/null 2\>\&1
configure:10075: $? = 0
configure:10089: result: no
configure:10249: checking dynamic linker characteristics
configure:10760: gcc -o conftest -g -O2   -Wl,-rpath -Wl,/foo conftest.c  >&5
configure:10760: $? = 0
configure:10994: result: GNU/Linux ld.so
configure:11101: checking how to hardcode library paths into programs
configure:11126: result: immediate
configure:11666: checking whether stripping libraries is possible
configure:11671: result: yes
configure:11706: checking if libtool supports shared libraries
configure:11708: result: yes
configure:11711: checking whether to build shared libraries
configure:11732: result: yes
configure:11735: checking whether to build static libraries
configure:11739: result: yes
configure:11762: checking how to run the C++ preprocessor
configure:11789: g++ -E  conftest.cpp
configure:11789: $? = 0
configure:11803: g++ -E  conftest.cpp
conftest.cpp:23:28: fatal error: ac_nonexistent.h: No such file or directory
compilation terminated.
configure:11803: $? = 1
configure: failed program was:
| /* confdefs.h */
| #define PACKAGE_NAME ""
| #define PACKAGE_TARNAME ""
| #define PACKAGE_VERSION ""
| #define PACKAGE_STRING ""
| #define PACKAGE_BUGREPORT ""
| #define PACKAGE_URL ""
| #define PACKAGE "SampleApp"
| #define VERSION "0.1"
| #define STDC_HEADERS 1
| #define HAVE_SYS_TYPES_H 1
| #define HAVE_SYS_STAT_H 1
| #define HAVE_STDLIB_H 1
| #define HAVE_STRING_H 1
| #define HAVE_MEMORY_H 1
| #define HAVE_STRINGS_H 1
| #define HAVE_INTTYPES_H 1
| #define HAVE_STDINT_H 1
| #define HAVE_UNISTD_H 1
| #define HAVE_DLFCN_H 1
| #define LT_OBJDIR ".libs/"
| /* end confdefs.h.  */
| #include <ac_nonexistent.h>
configure:11828: result: g++ -E
configure:11848: g++ -E  conftest.cpp
configure:11848: $? = 0
configure:11862: g++ -E  conftest.cpp
conftest.cpp:23:28: fatal error: ac_nonexistent.h: No such file or directory
compilation terminated.
configure:11862: $? = 1
configure: failed program was:
| /* confdefs.h */
| #define PACKAGE_NAME ""
| #define PACKAGE_TARNAME ""
| #define PACKAGE_VERSION ""
| #define PACKAGE_STRING ""
| #define PACKAGE_BUGREPORT ""
| #define PACKAGE_URL ""
| #define PACKAGE "SampleApp"
| #define VERSION "0.1"
| #define STDC_HEADERS 1
| #define HAVE_SYS_TYPES_H 1
| #define HAVE_SYS_STAT_H 1
| #define HAVE_STDLIB_H 1
| #define HAVE_STRING_H 1
| #define HAVE_MEMORY_H 1
| #define HAVE_STRINGS_H 1
| #define HAVE_INTTYPES_H 1
| #define HAVE_STDINT_H 1
| #define HAVE_UNISTD_H 1
| #define HAVE_DLFCN_H 1
| #define LT_OBJDIR ".libs/"
| /* end confdefs.h.  */
| #include <ac_nonexistent.h>
configure:12031: checking for ld used by g++
configure:12098: result: /usr/bin/ld -m elf_x86_64
configure:12105: checking if the linker (/usr/bin/ld -m elf_x86_64) is GNU ld
configure:12120: result: yes
configure:12175: checking whether the g++ linker (/usr/bin/ld -m elf_x86_64) supports shared libraries
configure:13180: result: yes
configure:13216: g++ -c -g -O2  conftest.cpp >&5
configure:13219: $? = 0
configure:13739: checking for g++ option to produce PIC
configure:13746: result: -fPIC -DPIC
configure:13754: checking if g++ PIC flag -fPIC -DPIC works
configure:13772: g++ -c -g -O2  -fPIC -DPIC -DPIC conftest.cpp >&5
configure:13776: $? = 0
configure:13789: result: yes
configure:13812: checking if g++ static flag -static works
configure:13840: result: yes
configure:13852: checking if g++ supports -c -o file.o
configure:13873: g++ -c -g -O2  -o out/conftest2.o conftest.cpp >&5
configure:13877: $? = 0
configure:13899: result: yes
configure:13904: checking if g++ supports -c -o file.o
configure:13951: result: yes
configure:13981: checking whether the g++ linker (/usr/bin/ld -m elf_x86_64) supports shared libraries
configure:14020: result: yes
configure:14161: checking dynamic linker characteristics
configure:14840: result: GNU/Linux ld.so
configure:14893: checking how to hardcode library paths into programs
configure:14918: result: immediate
configure:15034: checking for pkg-config
configure:15052: found /usr/bin/pkg-config
configure:15064: result: /usr/bin/pkg-config
configure:15089: checking pkg-config is at least version 0.9.0
configure:15092: result: yes
configure:15102: checking for OGRE
configure:15109: $PKG_CONFIG --exists --print-errors "OGRE >= 1.2 OGRE-Terrain >= 1.7.1"
configure:15112: $? = 0
configure:15126: $PKG_CONFIG --exists --print-errors "OGRE >= 1.2 OGRE-Terrain >= 1.7.1"
configure:15129: $? = 0
configure:15187: result: yes
configure:15196: checking for OIS
configure:15203: $PKG_CONFIG --exists --print-errors "OIS >= 1.0"
configure:15206: $? = 0
configure:15220: $PKG_CONFIG --exists --print-errors "OIS >= 1.0"
configure:15223: $? = 0
configure:15281: result: yes
configure:15290: checking for bullet
configure:15297: $PKG_CONFIG --exists --print-errors "bullet >= 2.79"
configure:15300: $? = 0
configure:15314: $PKG_CONFIG --exists --print-errors "bullet >= 2.79"
configure:15317: $? = 0
configure:15375: result: yes
configure:15384: checking for CEGUI
configure:15391: $PKG_CONFIG --exists --print-errors "CEGUI >= 0.7"
configure:15394: $? = 0
configure:15408: $PKG_CONFIG --exists --print-errors "CEGUI >= 0.7"
configure:15411: $? = 0
configure:15469: result: yes
configure:15478: checking for CEGUI_OGRE
configure:15485: $PKG_CONFIG --exists --print-errors "CEGUI-OGRE >= 0.7"
configure:15488: $? = 0
configure:15502: $PKG_CONFIG --exists --print-errors "CEGUI-OGRE >= 0.7"
configure:15505: $? = 0
configure:15563: result: yes
configure:15572: checking for sdl
configure:15579: $PKG_CONFIG --exists --print-errors "sdl >= 1.2"
configure:15582: $? = 0
configure:15596: $PKG_CONFIG --exists --print-errors "sdl >= 1.2"
configure:15599: $? = 0
configure:15657: result: yes
configure:15666: checking for SDL_mixer
configure:15673: $PKG_CONFIG --exists --print-errors "SDL_mixer >= 1.2"
configure:15676: $? = 0
configure:15690: $PKG_CONFIG --exists --print-errors "SDL_mixer >= 1.2"
configure:15693: $? = 0
configure:15751: result: yes
configure:15760: checking for SDL_net
configure:15767: $PKG_CONFIG --exists --print-errors "SDL_net"
configure:15770: $? = 0
configure:15784: $PKG_CONFIG --exists --print-errors "SDL_net"
configure:15787: $? = 0
configure:15845: result: yes
configure:15990: creating ./config.status

## ---------------------- ##
## Running config.status. ##
## ---------------------- ##

This file was extended by config.status, which was
generated by GNU Autoconf 2.68.  Invocation command line was

  CONFIG_FILES    = 
  CONFIG_HEADERS  = 
  CONFIG_LINKS    = 
  CONFIG_COMMANDS = 
  $ ./config.status 

on disco-bandit

config.status:1175: creating Makefile
config.status:1175: creating config.h
config.status:1356: config.h is unchanged
config.status:1404: executing depfiles commands
config.status:1404: executing libtool commands

## ---------------- ##
## Cache variables. ##
## ---------------- ##

ac_cv_build=x86_64-unknown-linux-gnu
ac_cv_c_compiler_gnu=yes
ac_cv_cxx_compiler_gnu=yes
ac_cv_env_CCC_set=
ac_cv_env_CCC_value=
ac_cv_env_CC_set=
ac_cv_env_CC_value=
ac_cv_env_CEGUI_CFLAGS_set=
ac_cv_env_CEGUI_CFLAGS_value=
ac_cv_env_CEGUI_LIBS_set=
ac_cv_env_CEGUI_LIBS_value=
ac_cv_env_CEGUI_OGRE_CFLAGS_set=
ac_cv_env_CEGUI_OGRE_CFLAGS_value=
ac_cv_env_CEGUI_OGRE_LIBS_set=
ac_cv_env_CEGUI_OGRE_LIBS_value=
ac_cv_env_CFLAGS_set=
ac_cv_env_CFLAGS_value=
ac_cv_env_CPPFLAGS_set=
ac_cv_env_CPPFLAGS_value=
ac_cv_env_CPP_set=
ac_cv_env_CPP_value=
ac_cv_env_CXXCPP_set=
ac_cv_env_CXXCPP_value=
ac_cv_env_CXXFLAGS_set=
ac_cv_env_CXXFLAGS_value=
ac_cv_env_CXX_set=
ac_cv_env_CXX_value=
ac_cv_env_LDFLAGS_set=
ac_cv_env_LDFLAGS_value=
ac_cv_env_LIBS_set=
ac_cv_env_LIBS_value=
ac_cv_env_OGRE_CFLAGS_set=
ac_cv_env_OGRE_CFLAGS_value=
ac_cv_env_OGRE_LIBS_set=
ac_cv_env_OGRE_LIBS_value=
ac_cv_env_OIS_CFLAGS_set=
ac_cv_env_OIS_CFLAGS_value=
ac_cv_env_OIS_LIBS_set=
ac_cv_env_OIS_LIBS_value=
ac_cv_env_PKG_CONFIG_LIBDIR_set=
ac_cv_env_PKG_CONFIG_LIBDIR_value=
ac_cv_env_PKG_CONFIG_PATH_set=
ac_cv_env_PKG_CONFIG_PATH_value=
ac_cv_env_PKG_CONFIG_set=
ac_cv_env_PKG_CONFIG_value=
ac_cv_env_SDL_mixer_CFLAGS_set=
ac_cv_env_SDL_mixer_CFLAGS_value=
ac_cv_env_SDL_mixer_LIBS_set=
ac_cv_env_SDL_mixer_LIBS_value=
ac_cv_env_SDL_net_CFLAGS_set=
ac_cv_env_SDL_net_CFLAGS_value=
ac_cv_env_SDL_net_LIBS_set=
ac_cv_env_SDL_net_LIBS_value=
ac_cv_env_build_alias_set=
ac_cv_env_build_alias_value=
ac_cv_env_bullet_CFLAGS_set=
ac_cv_env_bullet_CFLAGS_value=
ac_cv_env_bullet_LIBS_set=
ac_cv_env_bullet_LIBS_value=
ac_cv_env_host_alias_set=
ac_cv_env_host_alias_value=
ac_cv_env_sdl_CFLAGS_set=
ac_cv_env_sdl_CFLAGS_value=
ac_cv_env_sdl_LIBS_set=
ac_cv_env_sdl_LIBS_value=
ac_cv_env_target_alias_set=
ac_cv_env_target_alias_value=
ac_cv_header_dlfcn_h=yes
ac_cv_header_inttypes_h=yes
ac_cv_header_memory_h=yes
ac_cv_header_stdc=yes
ac_cv_header_stdint_h=yes
ac_cv_header_stdlib_h=yes
ac_cv_header_string_h=yes
ac_cv_header_strings_h=yes
ac_cv_header_sys_stat_h=yes
ac_cv_header_sys_types_h=yes
ac_cv_header_unistd_h=yes
ac_cv_host=x86_64-unknown-linux-gnu
ac_cv_objext=o
ac_cv_path_EGREP='/bin/grep -E'
ac_cv_path_FGREP='/bin/grep -F'
ac_cv_path_GREP=/bin/grep
ac_cv_path_SED=/bin/sed
ac_cv_path_ac_pt_PKG_CONFIG=/usr/bin/pkg-config
ac_cv_path_install='/usr/bin/install -c'
ac_cv_path_mkdir=/bin/mkdir
ac_cv_prog_AWK=gawk
ac_cv_prog_CPP='gcc -E'
ac_cv_prog_CXXCPP='g++ -E'
ac_cv_prog_ac_ct_AR=ar
ac_cv_prog_ac_ct_CC=gcc
ac_cv_prog_ac_ct_CXX=g++
ac_cv_prog_ac_ct_MANIFEST_TOOL=mt
ac_cv_prog_ac_ct_OBJDUMP=objdump
ac_cv_prog_ac_ct_RANLIB=ranlib
ac_cv_prog_ac_ct_STRIP=strip
ac_cv_prog_cc_c89=
ac_cv_prog_cc_g=yes
ac_cv_prog_cxx_g=yes
ac_cv_prog_make_make_set=yes
am_cv_CC_dependencies_compiler_type=gcc3
am_cv_CXX_dependencies_compiler_type=gcc3
lt_cv_ar_at_file=@
lt_cv_archive_cmds_need_lc=no
lt_cv_deplibs_check_method=pass_all
lt_cv_file_magic_cmd='$MAGIC_CMD'
lt_cv_file_magic_test_file=
lt_cv_ld_reload_flag=-r
lt_cv_nm_interface='BSD nm'
lt_cv_objdir=.libs
lt_cv_path_LD=/usr/bin/ld
lt_cv_path_LDCXX='/usr/bin/ld -m elf_x86_64'
lt_cv_path_NM='/usr/bin/nm -B'
lt_cv_path_mainfest_tool=no
lt_cv_prog_compiler_c_o=yes
lt_cv_prog_compiler_c_o_CXX=yes
lt_cv_prog_compiler_pic='-fPIC -DPIC'
lt_cv_prog_compiler_pic_CXX='-fPIC -DPIC'
lt_cv_prog_compiler_pic_works=yes
lt_cv_prog_compiler_pic_works_CXX=yes
lt_cv_prog_compiler_rtti_exceptions=no
lt_cv_prog_compiler_static_works=yes
lt_cv_prog_compiler_static_works_CXX=yes
lt_cv_prog_gnu_ld=yes
lt_cv_prog_gnu_ldcxx=yes
lt_cv_sharedlib_from_linklib_cmd='printf %s\n'
lt_cv_shlibpath_overrides_runpath=no
lt_cv_sys_global_symbol_pipe='sed -n -e '\''s/^.*[	 ]\([ABCDGIRSTW][ABCDGIRSTW]*\)[	 ][	 ]*\([_A-Za-z][_A-Za-z0-9]*\)$/\1 \2 \2/p'\'' | sed '\''/ __gnu_lto/d'\'''
lt_cv_sys_global_symbol_to_c_name_address='sed -n -e '\''s/^: \([^ ]*\)[ ]*$/  {\"\1\", (void *) 0},/p'\'' -e '\''s/^[ABCDGIRSTW]* \([^ ]*\) \([^ ]*\)$/  {"\2", (void *) \&\2},/p'\'''
lt_cv_sys_global_symbol_to_c_name_address_lib_prefix='sed -n -e '\''s/^: \([^ ]*\)[ ]*$/  {\"\1\", (void *) 0},/p'\'' -e '\''s/^[ABCDGIRSTW]* \([^ ]*\) \(lib[^ ]*\)$/  {"\2", (void *) \&\2},/p'\'' -e '\''s/^[ABCDGIRSTW]* \([^ ]*\) \([^ ]*\)$/  {"lib\2", (void *) \&\2},/p'\'''
lt_cv_sys_global_symbol_to_cdecl='sed -n -e '\''s/^T .* \(.*\)$/extern int \1();/p'\'' -e '\''s/^[ABCDGIRSTW]* .* \(.*\)$/extern char \1;/p'\'''
lt_cv_sys_max_cmd_len=1572864
lt_cv_to_host_file_cmd=func_convert_file_noop
lt_cv_to_tool_file_cmd=func_convert_file_noop
pkg_cv_CEGUI_CFLAGS='-I/lusr/opt/cegui-0.7.6/include -I/lusr/opt/cegui-0.7.6/include/CEGUI  '
pkg_cv_CEGUI_LIBS='-L/lusr/opt/cegui-0.7.6/lib -lCEGUIBase  '
pkg_cv_CEGUI_OGRE_CFLAGS='-pthread -I/lusr/opt/cegui-0.7.6/include -I/lusr/opt/cegui-0.7.6/include/CEGUI -I/usr/include/OGRE  '
pkg_cv_CEGUI_OGRE_LIBS='-L/lusr/opt/cegui-0.7.6/lib -lCEGUIOgreRenderer -lOgreMain -lpthread -lCEGUIBase  '
pkg_cv_OGRE_CFLAGS='-pthread -I/usr/include/OGRE -I/usr/include/OGRE/Terrain -I/usr/include/OGRE/Paging  '
pkg_cv_OGRE_LIBS='-lOgreTerrain -lOgrePaging -lOgreMain -lpthread  '
pkg_cv_OIS_CFLAGS='-I/usr/include/OIS  '
pkg_cv_OIS_LIBS='-lOIS  '
pkg_cv_SDL_mixer_CFLAGS='-D_GNU_SOURCE=1 -D_REENTRANT -I/usr/include/SDL  '
pkg_cv_SDL_mixer_LIBS='-lSDL_mixer -lSDL  '
pkg_cv_SDL_net_CFLAGS='-D_GNU_SOURCE=1 -D_REENTRANT -I/usr/include/SDL  '
pkg_cv_SDL_net_LIBS='-lSDL_net -lSDL  '
pkg_cv_bullet_CFLAGS='-I/usr/local/include/bullet  '
pkg_cv_bullet_LIBS='-L/usr/local/lib -lBulletSoftBody -lBulletDynamics -lBulletCollision -lLinearMath  '
pkg_cv_sdl_CFLAGS='-D_GNU_SOURCE=1 -D_REENTRANT -I/usr/include/SDL  '
pkg_cv_sdl_LIBS='-lSDL  '

## ----------------- ##
## Output variables. ##
## ----------------- ##

ACLOCAL='${SHELL} /u/chooper9/cs354r/cs354r-assignment4/missing --run aclocal-1.11'
AMDEPBACKSLASH='\'
AMDEP_FALSE='#'
AMDEP_TRUE=''
AMTAR='$${TAR-tar}'
AR='ar'
AUTOCONF='${SHELL} /u/chooper9/cs354r/cs354r-assignment4/missing --run autoconf'
AUTOHEADER='${SHELL} /u/chooper9/cs354r/cs354r-assignment4/missing --run autoheader'
AUTOMAKE='${SHELL} /u/chooper9/cs354r/cs354r-assignment4/missing --run automake-1.11'
AWK='gawk'
BULLET_CFLAGS=''
BULLET_LIBS=''
CC='gcc'
CCDEPMODE='depmode=gcc3'
CEGUI_CFLAGS='-I/lusr/opt/cegui-0.7.6/include -I/lusr/opt/cegui-0.7.6/include/CEGUI  '
CEGUI_LIBS='-L/lusr/opt/cegui-0.7.6/lib -lCEGUIBase  '
CEGUI_OGRE_CFLAGS='-pthread -I/lusr/opt/cegui-0.7.6/include -I/lusr/opt/cegui-0.7.6/include/CEGUI -I/usr/include/OGRE  '
CEGUI_OGRE_LIBS='-L/lusr/opt/cegui-0.7.6/lib -lCEGUIOgreRenderer -lOgreMain -lpthread -lCEGUIBase  '
CFLAGS='-g -O2'
CPP='gcc -E'
CPPFLAGS=''
CXX='g++'
CXXCPP='g++ -E'
CXXDEPMODE='depmode=gcc3'
CXXFLAGS='-g -O2'
CYGPATH_W='echo'
DEFS='-DHAVE_CONFIG_H'
DEPDIR='.deps'
DLLTOOL='false'
DSYMUTIL=''
DUMPBIN=''
ECHO_C=''
ECHO_N='-n'
ECHO_T=''
EGREP='/bin/grep -E'
EXEEXT=''
FGREP='/bin/grep -F'
GREP='/bin/grep'
INSTALL_DATA='${INSTALL} -m 644'
INSTALL_PROGRAM='${INSTALL}'
INSTALL_SCRIPT='${INSTALL}'
INSTALL_STRIP_PROGRAM='$(install_sh) -c -s'
LD='/usr/bin/ld -m elf_x86_64'
LDFLAGS=''
LIBOBJS=''
LIBS=''
LIBTOOL='$(SHELL) $(top_builddir)/libtool'
LIPO=''
LN_S='ln -s'
LTLIBOBJS=''
MAKEINFO='${SHELL} /u/chooper9/cs354r/cs354r-assignment4/missing --run makeinfo'
MANIFEST_TOOL=':'
MKDIR_P='/bin/mkdir -p'
NM='/usr/bin/nm -B'
NMEDIT=''
OBJDUMP='objdump'
OBJEXT='o'
OGRE_CFLAGS='-pthread -I/usr/include/OGRE -I/usr/include/OGRE/Terrain -I/usr/include/OGRE/Paging  '
OGRE_LIBS='-lOgreTerrain -lOgrePaging -lOgreMain -lpthread  '
OIS_CFLAGS='-I/usr/include/OIS  '
OIS_LIBS='-lOIS  '
OTOOL64=''
OTOOL=''
PACKAGE='SampleApp'
PACKAGE_BUGREPORT=''
PACKAGE_NAME=''
PACKAGE_STRING=''
PACKAGE_TARNAME=''
PACKAGE_URL=''
PACKAGE_VERSION=''
PATH_SEPARATOR=':'
PKG_CONFIG='/usr/bin/pkg-config'
PKG_CONFIG_LIBDIR=''
PKG_CONFIG_PATH=''
RANLIB='ranlib'
SDL_CFLAGS=''
SDL_LIBS=''
SDL_MIXER_CFLAGS=''
SDL_mixer_CFLAGS='-D_GNU_SOURCE=1 -D_REENTRANT -I/usr/include/SDL  '
SDL_mixer_LIBS='-lSDL_mixer -lSDL  '
SDL_net_CFLAGS='-D_GNU_SOURCE=1 -D_REENTRANT -I/usr/include/SDL  '
SDL_net_LIBS='-lSDL_net -lSDL  '
SED='/bin/sed'
SET_MAKE=''
SHELL='/bin/bash'
STRIP='strip'
VERSION='0.1'
ac_ct_AR='ar'
ac_ct_CC='gcc'
ac_ct_CXX='g++'
ac_ct_DUMPBIN=''
am__EXEEXT_FALSE=''
am__EXEEXT_TRUE='#'
am__fastdepCC_FALSE='#'
am__fastdepCC_TRUE=''
am__fastdepCXX_FALSE='#'
am__fastdepCXX_TRUE=''
am__include='include'
am__isrc=''
am__leading_dot='.'
am__nodep='_no'
am__quote=''
am__tar='$${TAR-tar} chof - "$$tardir"'
am__untar='$${TAR-tar} xf -'
bindir='${exec_prefix}/bin'
build='x86_64-unknown-linux-gnu'
build_alias=''
build_cpu='x86_64'
build_os='linux-gnu'
build_vendor='unknown'
bullet_CFLAGS='-I/usr/local/include/bullet  '
bullet_LIBS='-L/usr/local/lib -lBulletSoftBody -lBulletDynamics -lBulletCollision -lLinearMath  '
datadir='${datarootdir}'
datarootdir='${prefix}/share'
docdir='${datarootdir}/doc/${PACKAGE}'
dvidir='${docdir}'
exec_prefix='${prefix}'
host='x86_64-unknown-linux-gnu'
host_alias=''
host_cpu='x86_64'
host_os='linux-gnu'
host_vendor='unknown'
htmldir='${docdir}'
includedir='${prefix}/include'
infodir='${datarootdir}/info'
install_sh='${SHELL} /u/chooper9/cs354r/cs354r-assignment4/install-sh'
libdir='${exec_prefix}/lib'
libexecdir='${exec_prefix}/libexec'
localedir='${datarootdir}/locale'
localstatedir='${prefix}/var'
mandir='${datarootdir}/man'
mkdir_p='/bin/mkdir -p'
oldincludedir='/usr/include'
pdfdir='${docdir}'
prefix='/usr/local'
program_transform_name='s,x,x,'
psdir='${docdir}'
sbindir='${exec_prefix}/sbin'
sdl_CFLAGS='-D_GNU_SOURCE=1 -D_REENTRANT -I/usr/include/SDL  '
sdl_LIBS='-lSDL  '
sharedstatedir='${prefix}/com'
sysconfdir='${prefix}/etc'
target_alias=''

## ----------- ##
## confdefs.h. ##
## ----------- ##

/* confdefs.h */
#define PACKAGE_NAME ""
#define PACKAGE_TARNAME ""
#define PACKAGE_VERSION ""
#define PACKAGE_STRING ""
#define PACKAGE_BUGREPORT ""
#define PACKAGE_URL ""
#define PACKAGE "SampleApp"
#define VERSION "0.1"
#define STDC_HEADERS 1
#define HAVE_SYS_TYPES_H 1
#define HAVE_SYS_STAT_H 1
#define HAVE_STDLIB_H 1
#define HAVE_STRING_H 1
#define HAVE_MEMORY_H 1
#define HAVE_STRINGS_H 1
#define HAVE_INTTYPES_H 1
#define HAVE_STDINT_H 1
#define HAVE_UNISTD_H 1
#define HAVE_DLFCN_H 1
#define LT_OBJDIR ".libs/"

configure: exit 0

## ---------------------- ##
## Running config.status. ##
## ---------------------- ##

This file was extended by config.status, which was
generated by GNU Autoconf 2.68.  Invocation command line was

  CONFIG_FILES    = 
  CONFIG_HEADERS  = 
  CONFIG_LINKS    = 
  CONFIG_COMMANDS = 
  $ ./config.status config.h

on disco-bandit

config.status:1175: creating config.h
config.status:1356: config.h is unchanged

## ---------------------- ##
## Running config.status. ##
## ---------------------- ##

This file was extended by config.status, which was
generated by GNU Autoconf 2.68.  Invocation command line was

  CONFIG_FILES    = 
  CONFIG_HEADERS  = 
  CONFIG_LINKS    = 
  CONFIG_COMMANDS = 
  $ ./config.status Makefile depfiles

on disco-bandit

config.status:1175: creating Makefile
config.status:1404: executing depfiles commands
