15:04:12: Creating resource group General
15:04:12: Creating resource group Internal
15:04:12: Creating resource group Autodetect
15:04:12: SceneManagerFactory for type 'DefaultSceneManager' registered.
15:04:12: Registering ResourceManager for type Material
15:04:12: Registering ResourceManager for type Mesh
15:04:12: Registering ResourceManager for type Skeleton
15:04:12: MovableObjectFactory for type 'ParticleSystem' registered.
15:04:12: OverlayElementFactory for type Panel registered.
15:04:12: OverlayElementFactory for type BorderPanel registered.
15:04:12: OverlayElementFactory for type TextArea registered.
15:04:12: Registering ResourceManager for type Font
15:04:12: ArchiveFactory for archive type FileSystem registered.
15:04:12: ArchiveFactory for archive type Zip registered.
15:04:12: DDS codec registering
15:04:12: FreeImage version: 3.15.1
15:04:12: This program uses FreeImage, a free, open source image library supporting all common bitmap formats. See http://freeimage.sourceforge.net for details
15:04:12: Supported formats: bmp,ico,jpg,jif,jpeg,jpe,jng,koa,iff,lbm,mng,pbm,pbm,pcd,pcx,pgm,pgm,png,ppm,ppm,ras,tga,targa,tif,tiff,wap,wbmp,wbm,psd,cut,xbm,xpm,gif,hdr,g3,sgi,exr,j2k,j2c,jp2,pfm,pct,pict,pic,3fr,arw,bay,bmq,cap,cine,cr2,crw,cs1,dc2,dcr,drf,dsc,dng,erf,fff,ia,iiq,k25,kc2,kdc,mdc,mef,mos,mrw,nef,nrw,orf,pef,ptx,pxn,qtk,raf,raw,rdc,rw2,rwl,rwz,sr2,srf,sti
15:04:12: Registering ResourceManager for type HighLevelGpuProgram
15:04:12: Registering ResourceManager for type Compositor
15:04:12: MovableObjectFactory for type 'Entity' registered.
15:04:12: MovableObjectFactory for type 'Light' registered.
15:04:12: MovableObjectFactory for type 'BillboardSet' registered.
15:04:12: MovableObjectFactory for type 'ManualObject' registered.
15:04:12: MovableObjectFactory for type 'BillboardChain' registered.
15:04:12: MovableObjectFactory for type 'RibbonTrail' registered.
15:04:12: Loading library ./plugin/Plugin_CgProgramManager
15:04:12: OGRE EXCEPTION(7:InternalErrorException): Could not load dynamic library ./plugin/Plugin_CgProgramManager.  System Error: libOgreMain-1.6.4.so: cannot open shared object file: No such file or directory in DynLib::load at /build/buildd/ogre-1.7.4/OgreMain/src/OgreDynLib.cpp (line 91)
